This is pdfTeX, Version 3.14159265-2.6-1.40.21 (MiKTeX 2.9.7400 64-bit) (preloaded format=pdflatex 2020.4.21)  23 APR 2020 10:37
entering extended mode
**G:/Dev/Repos/Text2Scene2/LATEX_2/egpaper_final.tex
(G:/Dev/Repos/Text2Scene2/LATEX_2/egpaper_final.tex
LaTeX2e <2020-02-02> patch level 5
L3 programming layer <2020-04-06>
! TeX capacity exceeded, sorry [parameter stack size=10000].
\@onefilewithoptions #1[#2][#3]#4->
                                   \pkgcls@debug {--- File loaded request (\...
l.1 \documentclass\cite{
                        10pt,twocolumn,letterpaper]{article}
If you really absolutely need more capacity,
you can ask a wizard to enlarge me.

 
Here is how much of TeX's memory you used:
 19 strings out of 480930
 504 string characters out of 2911382
 253658 words of memory out of 3000000
 15990 multiletter control sequences out of 15000+200000
 532338 words of font info for 24 fonts, out of 3000000 for 9000
 1141 hyphenation exceptions out of 8191
 4288i,0n,10003p,138b,8s stack positions out of 5000i,500n,10000p,200000b,50000s
!  ==> Fatal error occurred, no output PDF file produced!
